<?xml version="1.0" encoding="UTF-8"?>
<testsuite xmlns:xsi="http://www.w3.org/2001/XMLSchema-instance" xsi:noNamespaceSchemaLocation="https://maven.apache.org/surefire/maven-surefire-plugin/xsd/surefire-test-report.xsd" name="com.example.kmpAlgoTest" time="0.005" tests="1" errors="1" skipped="0" failures="0">
  <properties>
[...]
</properties>
  <testcase name="com.example.kmpAlgoTest" classname="com.example.kmpAlgoTest" time="0.004">
    <error message="com/example/kmpAlgo (wrong name: com/example/KmpAlgo)" type="java.lang.NoClassDefFoundError">java.lang.NoClassDefFoundError: com/example/kmpAlgo (wrong name: com/example/KmpAlgo)
</error>
  </testcase>
</testsuite>